Exporter version: 5.6.3, Blender version: 2.79 (sub 0)
========= Conversion from Blender to Babylon.js =========
	Scene settings used :
		export scope        :  ALL
		inline textures     :  false
		Positions Precision :  4
		Normals Precision   :  3
		UVs Precision       :  3
		Vert Color Precision:  3
		Mat Weight Precision:  2
		texture directory   :  C:\Users\User\Desktop\GitKraken\CGFinalProject\
	Python World class constructor completed
	WARNING: No active camera has been assigned, or is not in a currently selected Blender layer
	processing begun of node:  Attic
	processing begun of node:  walls
	processing begun of mesh:  AtticFloorWithoutHole
		processing begun of Standard material:  Tavern_Teak.1
		num positions      :  25
		num normals        :  25
		num uvs            :  50
		num uvs2           :  0
		num colors         :  0
		num indices        :  36
	processing begun of mesh:  roof_2
		processing begun of Standard material:  Chipboard.1
		num positions      :  25
		num normals        :  25
		num uvs            :  50
		num uvs2           :  0
		num colors         :  0
		num indices        :  36
	processing begun of mesh:  roof
		processing begun of Standard material:  Chipboard
		num positions      :  25
		num normals        :  25
		num uvs            :  50
		num uvs2           :  0
		num colors         :  0
		num indices        :  36
	processing begun of mesh:  WallLong1
		processing begun of Standard material:  Bricks 09.3
		num positions      :  29
		num normals        :  29
		num uvs            :  58
		num uvs2           :  58
		num colors         :  0
		num indices        :  36
	processing begun of mesh:  wallLong
		processing begun of Standard material:  Bricks 09.2
		num positions      :  29
		num normals        :  29
		num uvs            :  58
		num uvs2           :  58
		num colors         :  0
		num indices        :  36
	processing begun of mesh:  WallShort_1
		processing begun of Standard material:  Bricks 09.1
		num positions      :  29
		num normals        :  29
		num uvs            :  58
		num uvs2           :  58
		num colors         :  0
		num indices        :  36
	processing begun of node:  balk
	processing begun of node:  HIDE_THIS_TO_REMOVE_MIDDLE__BALK
	processing begun of mesh:  Cube
		processing begun of Standard material:  wood_board_1.17
		num positions      :  29
		num normals        :  29
		num uvs            :  58
		num uvs2           :  58
		num colors         :  0
		num indices        :  36
	processing begun of mesh:  Cube_1
		processing begun of Standard material:  wood_board_1.16
		num positions      :  29
		num normals        :  29
		num uvs            :  58
		num uvs2           :  58
		num colors         :  0
		num indices        :  36
	processing begun of mesh:  Cube_2
		processing begun of Standard material:  wood_board_1
		num positions      :  25
		num normals        :  25
		num uvs            :  50
		num uvs2           :  0
		num colors         :  0
		num indices        :  36
	processing begun of mesh:  Cube_3
		processing begun of Standard material:  wood_board_1.009
		num positions      :  29
		num normals        :  29
		num uvs            :  58
		num uvs2           :  58
		num colors         :  0
		num indices        :  36
	processing begun of mesh:  Cube_4
		processing begun of Standard material:  wood_board_1.14
		num positions      :  29
		num normals        :  29
		num uvs            :  58
		num uvs2           :  58
		num colors         :  0
		num indices        :  36
	processing begun of node:  BalkSchuin
	processing begun of mesh:  balk_15
		processing begun of Standard material:  wood_board_1.13
		num positions      :  29
		num normals        :  29
		num uvs            :  58
		num uvs2           :  58
		num colors         :  0
		num indices        :  36
	processing begun of mesh:  balk_14
		processing begun of Standard material:  wood_board_1.12
		num positions      :  29
		num normals        :  29
		num uvs            :  58
		num uvs2           :  58
		num colors         :  0
		num indices        :  36
	processing begun of mesh:  balk_13
		processing begun of Standard material:  wood_board_1.11
		num positions      :  29
		num normals        :  29
		num uvs            :  58
		num uvs2           :  58
		num colors         :  0
		num indices        :  36
	processing begun of mesh:  balk_12
		processing begun of Standard material:  wood_board_1.10
		num positions      :  29
		num normals        :  29
		num uvs            :  58
		num uvs2           :  58
		num colors         :  0
		num indices        :  36
	processing begun of mesh:  balk_11
		processing begun of Standard material:  wood_board_1.9
		num positions      :  29
		num normals        :  29
		num uvs            :  58
		num uvs2           :  58
		num colors         :  0
		num indices        :  36
	processing begun of mesh:  balk_10
		processing begun of Standard material:  wood_board_1.8
		num positions      :  29
		num normals        :  29
		num uvs            :  58
		num uvs2           :  58
		num colors         :  0
		num indices        :  36
	processing begun of mesh:  balk_9
		processing begun of Standard material:  wood_board_1.7
		num positions      :  29
		num normals        :  29
		num uvs            :  58
		num uvs2           :  58
		num colors         :  0
		num indices        :  36
	processing begun of mesh:  balk_8
		processing begun of Standard material:  wood_board_1.6
		num positions      :  29
		num normals        :  29
		num uvs            :  58
		num uvs2           :  58
		num colors         :  0
		num indices        :  36
	processing begun of mesh:  balk_7
		processing begun of Standard material:  wood_board_1.5
		num positions      :  29
		num normals        :  29
		num uvs            :  58
		num uvs2           :  58
		num colors         :  0
		num indices        :  36
	processing begun of mesh:  balk_6
		processing begun of Standard material:  wood_board_1.4
		num positions      :  29
		num normals        :  29
		num uvs            :  58
		num uvs2           :  58
		num colors         :  0
		num indices        :  36
	processing begun of mesh:  balk_5
		processing begun of Standard material:  wood_board_1.3
		num positions      :  29
		num normals        :  29
		num uvs            :  58
		num uvs2           :  58
		num colors         :  0
		num indices        :  36
	processing begun of mesh:  balk_4
		processing begun of Standard material:  wood_board_1.2
		num positions      :  29
		num normals        :  29
		num uvs            :  58
		num uvs2           :  58
		num colors         :  0
		num indices        :  36
	processing begun of mesh:  balk_3
		processing begun of Standard material:  wood_board_1.1
		num positions      :  29
		num normals        :  29
		num uvs            :  58
		num uvs2           :  58
		num colors         :  0
		num indices        :  36
	processing begun of mesh:  balk_2
		processing begun of Standard material:  wood_board_1.005
		num positions      :  29
		num normals        :  29
		num uvs            :  58
		num uvs2           :  58
		num colors         :  0
		num indices        :  36
	processing begun of light (POINT):  Light_1
========= Writing of scene file started =========
========= Writing of scene file completed =========
========= end of processing =========
elapsed time:  0 min, 0.1404 secs
