Exporter version: 5.6.3, Blender version: 2.79 (sub 0)
========= Conversion from Blender to Babylon.js =========
	Scene settings used :
		export scope        :  ALL
		inline textures     :  false
		Positions Precision :  4
		Normals Precision   :  3
		UVs Precision       :  3
		Vert Color Precision:  3
		Mat Weight Precision:  2
		texture directory   :  C:\Users\User\Desktop\GitKraken\CGFinalProject\
	Python World class constructor completed
	processing begun of camera (UniversalCamera):  Camera
	processing begun of mesh:  InsideShed.001
		processing begun of Standard material:  Material.002
			Diffuse texture found "Texture.002"
				Image texture found, type:  diffuseTexture, mapped using: "UVMap"
	WARNING: Error encountered processing image file:  , Error:  'C:\\Users\\User\\Desktop\\GitKraken\\CGFinalProject\\wall3.jpg' and 'C:\\Users\\User\\Desktop\\GitKraken\\CGFinalProject\\wall3.jpg' are the same file
		num positions      :  1142
		num normals        :  1142
		num uvs            :  2284
		num uvs2           :  0
		num colors         :  0
		num indices        :  3537
	processing begun of mesh:  ShedOutside.001
		processing begun of Standard material:  Material.001
			Diffuse texture found "Texture.001"
				Image texture found, type:  diffuseTexture, mapped using: "UVMap"
	WARNING: Error encountered processing image file:  , Error:  'C:\\Users\\User\\Desktop\\GitKraken\\CGFinalProject\\wall2.jpg' and 'C:\\Users\\User\\Desktop\\GitKraken\\CGFinalProject\\wall2.jpg' are the same file
		num positions      :  3541
		num normals        :  3541
		num uvs            :  7082
		num uvs2           :  0
		num colors         :  0
		num indices        :  19251
		WARNING: # of 0 area faces found:  160
	processing begun of mesh:  Roof.001
		processing begun of Standard material:  Material
			Diffuse texture found "Texture"
				Image texture found, type:  diffuseTexture, mapped using: "UVMap"
	WARNING: Error encountered processing image file:  , Error:  'C:\\Users\\User\\Desktop\\GitKraken\\CGFinalProject\\roof2.jpg' and 'C:\\Users\\User\\Desktop\\GitKraken\\CGFinalProject\\roof2.jpg' are the same file
		num positions      :  3604
		num normals        :  3604
		num uvs            :  7208
		num uvs2           :  0
		num colors         :  0
		num indices        :  5484
		WARNING: # of 0 area faces found:  2
	processing begun of light (SUN):  Sun
========= Writing of scene file started =========
========= Writing of scene file completed =========
========= end of processing =========
elapsed time:  0 min, 1.0453 secs
